<?xml version="1.0" encoding="UTF-8"?>
<!-- Generated by org.testng.reporters.JUnitReportReporter -->
<testsuite hostname="LAPTOP-MPNFD8T4" failures="0" tests="1" name="test.BaseTest" time="3.094" errors="0" timestamp="2024-02-28T10:09:06 WIB" skipped="0">
  <testcase classname="test.BaseTest" name="wifiSettingName" time="3.094"/>
  <system-out/>
</testsuite> <!-- test.BaseTest -->
